20150608 164811 DEBUG    (0.000) SET SQL_AUTO_IS_NULL = 0; args=None
20150608 164811 DEBUG    (0.000) SET SQL_AUTO_IS_NULL = 0; args=None
20150608 164811 DEBUG    (0.013) SHOW FULL TABLES; args=None
20150608 164811 DEBUG    (0.029) SELECT `django_migrations`.`app`, `django_migrations`.`name` FROM `django_migrations`; args=()
20150608 164834 DEBUG    (0.000) SET SQL_AUTO_IS_NULL = 0; args=None
20150608 164834 DEBUG    (0.001) SET SQL_AUTO_IS_NULL = 0; args=None
20150608 164834 DEBUG    (0.001) SELECT `games`.`id`, `games`.`title`, `games`.`category`, `games`.`status`, `games`.`first_player_id`, `games`.`second_player_id`, `games`.`played_date` FROM `games` WHERE (`games`.`first_player_id` = 1 OR `games`.`second_player_id` = 1); args=(1, 1)
20150608 164834 DEBUG    (0.053) SELECT `auth_user`.`id`, `auth_user`.`password`, `auth_user`.`last_login`, `auth_user`.`is_superuser`, `auth_user`.`username`, `auth_user`.`first_name`, `auth_user`.`last_name`, `auth_user`.`email`, `auth_user`.`is_staff`, `auth_user`.`is_active`, `auth_user`.`date_joined` FROM `auth_user` WHERE `auth_user`.`id` = 1; args=(1,)
20150608 164834 DEBUG    (0.001) SELECT `auth_user`.`id`, `auth_user`.`password`, `auth_user`.`last_login`, `auth_user`.`is_superuser`, `auth_user`.`username`, `auth_user`.`first_name`, `auth_user`.`last_name`, `auth_user`.`email`, `auth_user`.`is_staff`, `auth_user`.`is_active`, `auth_user`.`date_joined` FROM `auth_user` WHERE `auth_user`.`id` = 2; args=(2,)
20150608 164834 DEBUG    (0.001) SELECT `auth_user`.`id`, `auth_user`.`password`, `auth_user`.`last_login`, `auth_user`.`is_superuser`, `auth_user`.`username`, `auth_user`.`first_name`, `auth_user`.`last_name`, `auth_user`.`email`, `auth_user`.`is_staff`, `auth_user`.`is_active`, `auth_user`.`date_joined` FROM `auth_user` WHERE `auth_user`.`id` = 1; args=(1,)
20150608 164834 DEBUG    (0.001) SELECT `auth_user`.`id`, `auth_user`.`password`, `auth_user`.`last_login`, `auth_user`.`is_superuser`, `auth_user`.`username`, `auth_user`.`first_name`, `auth_user`.`last_name`, `auth_user`.`email`, `auth_user`.`is_staff`, `auth_user`.`is_active`, `auth_user`.`date_joined` FROM `auth_user` WHERE `auth_user`.`id` = 2; args=(2,)
20150608 164834 DEBUG    (0.001) SELECT `auth_user`.`id`, `auth_user`.`password`, `auth_user`.`last_login`, `auth_user`.`is_superuser`, `auth_user`.`username`, `auth_user`.`first_name`, `auth_user`.`last_name`, `auth_user`.`email`, `auth_user`.`is_staff`, `auth_user`.`is_active`, `auth_user`.`date_joined` FROM `auth_user` WHERE `auth_user`.`id` = 1; args=(1,)
20150608 164834 DEBUG    (0.000) SELECT `auth_user`.`id`, `auth_user`.`password`, `auth_user`.`last_login`, `auth_user`.`is_superuser`, `auth_user`.`username`, `auth_user`.`first_name`, `auth_user`.`last_name`, `auth_user`.`email`, `auth_user`.`is_staff`, `auth_user`.`is_active`, `auth_user`.`date_joined` FROM `auth_user` WHERE `auth_user`.`id` = 2; args=(2,)
20150608 200200 DEBUG    (0.000) SET SQL_AUTO_IS_NULL = 0; args=None
20150608 200200 DEBUG    (0.000) SET SQL_AUTO_IS_NULL = 0; args=None
20150608 200200 DEBUG    (0.184) SELECT `games`.`id`, `games`.`title`, `games`.`category`, `games`.`status`, `games`.`first_player_id`, `games`.`second_player_id`, `games`.`played_date` FROM `games` WHERE (`games`.`first_player_id` = 1 OR `games`.`second_player_id` = 1); args=(1, 1)
20150608 200200 DEBUG    (0.017) SELECT `auth_user`.`id`, `auth_user`.`password`, `auth_user`.`last_login`, `auth_user`.`is_superuser`, `auth_user`.`username`, `auth_user`.`first_name`, `auth_user`.`last_name`, `auth_user`.`email`, `auth_user`.`is_staff`, `auth_user`.`is_active`, `auth_user`.`date_joined` FROM `auth_user` WHERE `auth_user`.`id` = 1; args=(1,)
20150608 200200 DEBUG    (0.000) SELECT `auth_user`.`id`, `auth_user`.`password`, `auth_user`.`last_login`, `auth_user`.`is_superuser`, `auth_user`.`username`, `auth_user`.`first_name`, `auth_user`.`last_name`, `auth_user`.`email`, `auth_user`.`is_staff`, `auth_user`.`is_active`, `auth_user`.`date_joined` FROM `auth_user` WHERE `auth_user`.`id` = 2; args=(2,)
20150608 200200 DEBUG    (0.000) SELECT `auth_user`.`id`, `auth_user`.`password`, `auth_user`.`last_login`, `auth_user`.`is_superuser`, `auth_user`.`username`, `auth_user`.`first_name`, `auth_user`.`last_name`, `auth_user`.`email`, `auth_user`.`is_staff`, `auth_user`.`is_active`, `auth_user`.`date_joined` FROM `auth_user` WHERE `auth_user`.`id` = 1; args=(1,)
20150608 200200 DEBUG    (0.001) SELECT `auth_user`.`id`, `auth_user`.`password`, `auth_user`.`last_login`, `auth_user`.`is_superuser`, `auth_user`.`username`, `auth_user`.`first_name`, `auth_user`.`last_name`, `auth_user`.`email`, `auth_user`.`is_staff`, `auth_user`.`is_active`, `auth_user`.`date_joined` FROM `auth_user` WHERE `auth_user`.`id` = 2; args=(2,)
20150608 200200 DEBUG    (0.000) SELECT `auth_user`.`id`, `auth_user`.`password`, `auth_user`.`last_login`, `auth_user`.`is_superuser`, `auth_user`.`username`, `auth_user`.`first_name`, `auth_user`.`last_name`, `auth_user`.`email`, `auth_user`.`is_staff`, `auth_user`.`is_active`, `auth_user`.`date_joined` FROM `auth_user` WHERE `auth_user`.`id` = 1; args=(1,)
20150608 200200 DEBUG    (0.001) SELECT `auth_user`.`id`, `auth_user`.`password`, `auth_user`.`last_login`, `auth_user`.`is_superuser`, `auth_user`.`username`, `auth_user`.`first_name`, `auth_user`.`last_name`, `auth_user`.`email`, `auth_user`.`is_staff`, `auth_user`.`is_active`, `auth_user`.`date_joined` FROM `auth_user` WHERE `auth_user`.`id` = 2; args=(2,)
20150608 200217 DEBUG    (0.000) SET SQL_AUTO_IS_NULL = 0; args=None
20150608 200217 DEBUG    (0.000) SELECT `auth_user`.`id`, `auth_user`.`password`, `auth_user`.`last_login`, `auth_user`.`is_superuser`, `auth_user`.`username`, `auth_user`.`first_name`, `auth_user`.`last_name`, `auth_user`.`email`, `auth_user`.`is_staff`, `auth_user`.`is_active`, `auth_user`.`date_joined` FROM `auth_user`; args=()
20150608 200217 DEBUG    (0.001) SELECT `auth_user`.`id`, `auth_user`.`password`, `auth_user`.`last_login`, `auth_user`.`is_superuser`, `auth_user`.`username`, `auth_user`.`first_name`, `auth_user`.`last_name`, `auth_user`.`email`, `auth_user`.`is_staff`, `auth_user`.`is_active`, `auth_user`.`date_joined` FROM `auth_user`; args=()
20150608 200244 DEBUG    (0.000) SET SQL_AUTO_IS_NULL = 0; args=None
20150608 200244 DEBUG    (0.000) SET SQL_AUTO_IS_NULL = 0; args=None
20150608 200244 DEBUG    (0.001) SELECT `auth_user`.`id`, `auth_user`.`password`, `auth_user`.`last_login`, `auth_user`.`is_superuser`, `auth_user`.`username`, `auth_user`.`first_name`, `auth_user`.`last_name`, `auth_user`.`email`, `auth_user`.`is_staff`, `auth_user`.`is_active`, `auth_user`.`date_joined` FROM `auth_user` WHERE `auth_user`.`id` = 1; args=(1,)
20150608 200244 DEBUG    (0.001) SELECT `auth_user`.`id`, `auth_user`.`password`, `auth_user`.`last_login`, `auth_user`.`is_superuser`, `auth_user`.`username`, `auth_user`.`first_name`, `auth_user`.`last_name`, `auth_user`.`email`, `auth_user`.`is_staff`, `auth_user`.`is_active`, `auth_user`.`date_joined` FROM `auth_user` WHERE `auth_user`.`id` = 2; args=(2,)
20150608 200244 DEBUG    (0.001) SELECT (1) AS `a` FROM `auth_user` WHERE `auth_user`.`id` = 1 LIMIT 1; args=(1,)
20150608 200244 DEBUG    (0.001) SELECT (1) AS `a` FROM `auth_user` WHERE `auth_user`.`id` = 2 LIMIT 1; args=(2,)
20150608 200244 DEBUG    (0.096) INSERT INTO `games` (`title`, `category`, `status`, `first_player_id`, `second_player_id`, `played_date`) VALUES ('Tennis match ', 1, 1, 1, 2, '2015-06-08 17:02:17'); args=['Tennis match ', 1, 1, 1, 2, '2015-06-08 17:02:17']
20150608 200245 DEBUG    (0.000) SET SQL_AUTO_IS_NULL = 0; args=None
20150608 200245 DEBUG    (0.000) SET SQL_AUTO_IS_NULL = 0; args=None
20150608 200245 DEBUG    (0.001) SELECT `games`.`id`, `games`.`title`, `games`.`category`, `games`.`status`, `games`.`first_player_id`, `games`.`second_player_id`, `games`.`played_date` FROM `games` WHERE (`games`.`first_player_id` = 1 OR `games`.`second_player_id` = 1); args=(1, 1)
20150608 200245 DEBUG    (0.001) SELECT `auth_user`.`id`, `auth_user`.`password`, `auth_user`.`last_login`, `auth_user`.`is_superuser`, `auth_user`.`username`, `auth_user`.`first_name`, `auth_user`.`last_name`, `auth_user`.`email`, `auth_user`.`is_staff`, `auth_user`.`is_active`, `auth_user`.`date_joined` FROM `auth_user` WHERE `auth_user`.`id` = 1; args=(1,)
20150608 200245 DEBUG    (0.000) SELECT `auth_user`.`id`, `auth_user`.`password`, `auth_user`.`last_login`, `auth_user`.`is_superuser`, `auth_user`.`username`, `auth_user`.`first_name`, `auth_user`.`last_name`, `auth_user`.`email`, `auth_user`.`is_staff`, `auth_user`.`is_active`, `auth_user`.`date_joined` FROM `auth_user` WHERE `auth_user`.`id` = 2; args=(2,)
20150608 200245 DEBUG    (0.001) SELECT `auth_user`.`id`, `auth_user`.`password`, `auth_user`.`last_login`, `auth_user`.`is_superuser`, `auth_user`.`username`, `auth_user`.`first_name`, `auth_user`.`last_name`, `auth_user`.`email`, `auth_user`.`is_staff`, `auth_user`.`is_active`, `auth_user`.`date_joined` FROM `auth_user` WHERE `auth_user`.`id` = 1; args=(1,)
20150608 200245 DEBUG    (0.001) SELECT `auth_user`.`id`, `auth_user`.`password`, `auth_user`.`last_login`, `auth_user`.`is_superuser`, `auth_user`.`username`, `auth_user`.`first_name`, `auth_user`.`last_name`, `auth_user`.`email`, `auth_user`.`is_staff`, `auth_user`.`is_active`, `auth_user`.`date_joined` FROM `auth_user` WHERE `auth_user`.`id` = 2; args=(2,)
20150608 200245 DEBUG    (0.001) SELECT `auth_user`.`id`, `auth_user`.`password`, `auth_user`.`last_login`, `auth_user`.`is_superuser`, `auth_user`.`username`, `auth_user`.`first_name`, `auth_user`.`last_name`, `auth_user`.`email`, `auth_user`.`is_staff`, `auth_user`.`is_active`, `auth_user`.`date_joined` FROM `auth_user` WHERE `auth_user`.`id` = 1; args=(1,)
20150608 200245 DEBUG    (0.001) SELECT `auth_user`.`id`, `auth_user`.`password`, `auth_user`.`last_login`, `auth_user`.`is_superuser`, `auth_user`.`username`, `auth_user`.`first_name`, `auth_user`.`last_name`, `auth_user`.`email`, `auth_user`.`is_staff`, `auth_user`.`is_active`, `auth_user`.`date_joined` FROM `auth_user` WHERE `auth_user`.`id` = 2; args=(2,)
20150608 200245 DEBUG    (0.000) SELECT `auth_user`.`id`, `auth_user`.`password`, `auth_user`.`last_login`, `auth_user`.`is_superuser`, `auth_user`.`username`, `auth_user`.`first_name`, `auth_user`.`last_name`, `auth_user`.`email`, `auth_user`.`is_staff`, `auth_user`.`is_active`, `auth_user`.`date_joined` FROM `auth_user` WHERE `auth_user`.`id` = 1; args=(1,)
20150608 200245 DEBUG    (0.000) SELECT `auth_user`.`id`, `auth_user`.`password`, `auth_user`.`last_login`, `auth_user`.`is_superuser`, `auth_user`.`username`, `auth_user`.`first_name`, `auth_user`.`last_name`, `auth_user`.`email`, `auth_user`.`is_staff`, `auth_user`.`is_active`, `auth_user`.`date_joined` FROM `auth_user` WHERE `auth_user`.`id` = 2; args=(2,)
20150608 200253 DEBUG    (0.000) SET SQL_AUTO_IS_NULL = 0; args=None
20150608 200253 DEBUG    (0.000) SET SQL_AUTO_IS_NULL = 0; args=None
20150608 200253 DEBUG    (0.001) SELECT `games`.`id`, `games`.`title`, `games`.`category`, `games`.`status`, `games`.`first_player_id`, `games`.`second_player_id`, `games`.`played_date` FROM `games` WHERE `games`.`id` = 4; args=(4,)
20150608 200253 DEBUG    (0.001) SELECT `auth_user`.`id`, `auth_user`.`password`, `auth_user`.`last_login`, `auth_user`.`is_superuser`, `auth_user`.`username`, `auth_user`.`first_name`, `auth_user`.`last_name`, `auth_user`.`email`, `auth_user`.`is_staff`, `auth_user`.`is_active`, `auth_user`.`date_joined` FROM `auth_user` WHERE `auth_user`.`id` = 1; args=(1,)
20150608 200253 DEBUG    (0.001) SELECT `auth_user`.`id`, `auth_user`.`password`, `auth_user`.`last_login`, `auth_user`.`is_superuser`, `auth_user`.`username`, `auth_user`.`first_name`, `auth_user`.`last_name`, `auth_user`.`email`, `auth_user`.`is_staff`, `auth_user`.`is_active`, `auth_user`.`date_joined` FROM `auth_user` WHERE `auth_user`.`id` = 2; args=(2,)
20150608 200253 DEBUG    (0.001) SELECT `scores`.`id`, `scores`.`game_id`, `scores`.`first_player_id`, `scores`.`second_player_id`, `scores`.`first_score`, `scores`.`second_score`, `scores`.`played_time` FROM `scores` WHERE `scores`.`game_id` = 4 ORDER BY `scores`.`id` ASC; args=(4,)
20150608 200253 DEBUG    (0.001) SELECT `auth_user`.`id`, `auth_user`.`password`, `auth_user`.`last_login`, `auth_user`.`is_superuser`, `auth_user`.`username`, `auth_user`.`first_name`, `auth_user`.`last_name`, `auth_user`.`email`, `auth_user`.`is_staff`, `auth_user`.`is_active`, `auth_user`.`date_joined` FROM `auth_user`; args=()
20150608 200253 DEBUG    (0.000) SELECT `auth_user`.`id`, `auth_user`.`password`, `auth_user`.`last_login`, `auth_user`.`is_superuser`, `auth_user`.`username`, `auth_user`.`first_name`, `auth_user`.`last_name`, `auth_user`.`email`, `auth_user`.`is_staff`, `auth_user`.`is_active`, `auth_user`.`date_joined` FROM `auth_user`; args=()
20150608 200325 DEBUG    (0.000) SET SQL_AUTO_IS_NULL = 0; args=None
20150608 200325 DEBUG    (0.001) SET SQL_AUTO_IS_NULL = 0; args=None
20150608 200325 DEBUG    (0.000) SELECT `games`.`id`, `games`.`title`, `games`.`category`, `games`.`status`, `games`.`first_player_id`, `games`.`second_player_id`, `games`.`played_date` FROM `games` WHERE `games`.`id` = 4; args=(4,)
20150608 200325 DEBUG    (0.000) SELECT `auth_user`.`id`, `auth_user`.`password`, `auth_user`.`last_login`, `auth_user`.`is_superuser`, `auth_user`.`username`, `auth_user`.`first_name`, `auth_user`.`last_name`, `auth_user`.`email`, `auth_user`.`is_staff`, `auth_user`.`is_active`, `auth_user`.`date_joined` FROM `auth_user` WHERE `auth_user`.`id` = 1; args=(1,)
20150608 200325 DEBUG    (0.001) SELECT `auth_user`.`id`, `auth_user`.`password`, `auth_user`.`last_login`, `auth_user`.`is_superuser`, `auth_user`.`username`, `auth_user`.`first_name`, `auth_user`.`last_name`, `auth_user`.`email`, `auth_user`.`is_staff`, `auth_user`.`is_active`, `auth_user`.`date_joined` FROM `auth_user` WHERE `auth_user`.`id` = 2; args=(2,)
20150608 200325 DEBUG    (0.000) SELECT `auth_user`.`id`, `auth_user`.`password`, `auth_user`.`last_login`, `auth_user`.`is_superuser`, `auth_user`.`username`, `auth_user`.`first_name`, `auth_user`.`last_name`, `auth_user`.`email`, `auth_user`.`is_staff`, `auth_user`.`is_active`, `auth_user`.`date_joined` FROM `auth_user` WHERE `auth_user`.`id` = 1; args=(1,)
20150608 200325 DEBUG    (0.001) SELECT `auth_user`.`id`, `auth_user`.`password`, `auth_user`.`last_login`, `auth_user`.`is_superuser`, `auth_user`.`username`, `auth_user`.`first_name`, `auth_user`.`last_name`, `auth_user`.`email`, `auth_user`.`is_staff`, `auth_user`.`is_active`, `auth_user`.`date_joined` FROM `auth_user` WHERE `auth_user`.`id` = 2; args=(2,)
20150608 200325 DEBUG    (0.002) SELECT (1) AS `a` FROM `auth_user` WHERE `auth_user`.`id` = 1 LIMIT 1; args=(1,)
20150608 200325 DEBUG    (0.001) SELECT (1) AS `a` FROM `auth_user` WHERE `auth_user`.`id` = 2 LIMIT 1; args=(2,)
20150608 200325 DEBUG    (0.001) SELECT `auth_user`.`id`, `auth_user`.`password`, `auth_user`.`last_login`, `auth_user`.`is_superuser`, `auth_user`.`username`, `auth_user`.`first_name`, `auth_user`.`last_name`, `auth_user`.`email`, `auth_user`.`is_staff`, `auth_user`.`is_active`, `auth_user`.`date_joined` FROM `auth_user`; args=()
20150608 200325 DEBUG    (0.000) SELECT `auth_user`.`id`, `auth_user`.`password`, `auth_user`.`last_login`, `auth_user`.`is_superuser`, `auth_user`.`username`, `auth_user`.`first_name`, `auth_user`.`last_name`, `auth_user`.`email`, `auth_user`.`is_staff`, `auth_user`.`is_active`, `auth_user`.`date_joined` FROM `auth_user`; args=()
20150608 200325 DEBUG    (0.001) SELECT `auth_user`.`id`, `auth_user`.`password`, `auth_user`.`last_login`, `auth_user`.`is_superuser`, `auth_user`.`username`, `auth_user`.`first_name`, `auth_user`.`last_name`, `auth_user`.`email`, `auth_user`.`is_staff`, `auth_user`.`is_active`, `auth_user`.`date_joined` FROM `auth_user`; args=()
20150608 200325 DEBUG    (0.000) SELECT `auth_user`.`id`, `auth_user`.`password`, `auth_user`.`last_login`, `auth_user`.`is_superuser`, `auth_user`.`username`, `auth_user`.`first_name`, `auth_user`.`last_name`, `auth_user`.`email`, `auth_user`.`is_staff`, `auth_user`.`is_active`, `auth_user`.`date_joined` FROM `auth_user`; args=()
20150608 200334 DEBUG    (0.000) SET SQL_AUTO_IS_NULL = 0; args=None
20150608 200334 DEBUG    (0.000) SET SQL_AUTO_IS_NULL = 0; args=None
20150608 200334 DEBUG    (0.001) SELECT `games`.`id`, `games`.`title`, `games`.`category`, `games`.`status`, `games`.`first_player_id`, `games`.`second_player_id`, `games`.`played_date` FROM `games` WHERE `games`.`id` = 4; args=(4,)
20150608 200334 DEBUG    (0.000) SELECT `auth_user`.`id`, `auth_user`.`password`, `auth_user`.`last_login`, `auth_user`.`is_superuser`, `auth_user`.`username`, `auth_user`.`first_name`, `auth_user`.`last_name`, `auth_user`.`email`, `auth_user`.`is_staff`, `auth_user`.`is_active`, `auth_user`.`date_joined` FROM `auth_user` WHERE `auth_user`.`id` = 1; args=(1,)
20150608 200334 DEBUG    (0.001) SELECT `auth_user`.`id`, `auth_user`.`password`, `auth_user`.`last_login`, `auth_user`.`is_superuser`, `auth_user`.`username`, `auth_user`.`first_name`, `auth_user`.`last_name`, `auth_user`.`email`, `auth_user`.`is_staff`, `auth_user`.`is_active`, `auth_user`.`date_joined` FROM `auth_user` WHERE `auth_user`.`id` = 2; args=(2,)
20150608 200334 DEBUG    (0.000) SELECT (1) AS `a` FROM `auth_user` WHERE `auth_user`.`id` = 1 LIMIT 1; args=(1,)
20150608 200334 DEBUG    (0.000) SELECT (1) AS `a` FROM `auth_user` WHERE `auth_user`.`id` = 2 LIMIT 1; args=(2,)
20150608 200334 DEBUG    (0.052) UPDATE `games` SET `title` = 'Tennis match ', `category` = 1, `status` = 1, `first_player_id` = 1, `second_player_id` = 2, `played_date` = '2015-06-08 17:02:17' WHERE `games`.`id` = 4; args=('Tennis match ', 1, 1, 1, 2, '2015-06-08 17:02:17', 4)
20150608 200334 DEBUG    (0.001) INSERT INTO `scores` (`game_id`, `first_player_id`, `second_player_id`, `first_score`, `second_score`, `played_time`) VALUES (4, 1, 2, 5, 3, 100); args=[4, 1, 2, 5, 3, 100]
20150608 200334 DEBUG    (0.001) SELECT `auth_user`.`id`, `auth_user`.`password`, `auth_user`.`last_login`, `auth_user`.`is_superuser`, `auth_user`.`username`, `auth_user`.`first_name`, `auth_user`.`last_name`, `auth_user`.`email`, `auth_user`.`is_staff`, `auth_user`.`is_active`, `auth_user`.`date_joined` FROM `auth_user` WHERE `auth_user`.`id` = 1; args=(1,)
20150608 200334 DEBUG    (0.001) SELECT `auth_user`.`id`, `auth_user`.`password`, `auth_user`.`last_login`, `auth_user`.`is_superuser`, `auth_user`.`username`, `auth_user`.`first_name`, `auth_user`.`last_name`, `auth_user`.`email`, `auth_user`.`is_staff`, `auth_user`.`is_active`, `auth_user`.`date_joined` FROM `auth_user` WHERE `auth_user`.`id` = 2; args=(2,)
20150608 200334 DEBUG    (0.001) SELECT `scores`.`id`, `scores`.`game_id`, `scores`.`first_player_id`, `scores`.`second_player_id`, `scores`.`first_score`, `scores`.`second_score`, `scores`.`played_time` FROM `scores` WHERE `scores`.`game_id` = 4 ORDER BY `scores`.`id` ASC; args=(4,)
20150608 200334 DEBUG    (0.001) SELECT `auth_user`.`id`, `auth_user`.`password`, `auth_user`.`last_login`, `auth_user`.`is_superuser`, `auth_user`.`username`, `auth_user`.`first_name`, `auth_user`.`last_name`, `auth_user`.`email`, `auth_user`.`is_staff`, `auth_user`.`is_active`, `auth_user`.`date_joined` FROM `auth_user`; args=()
20150608 200334 DEBUG    (0.001) SELECT `auth_user`.`id`, `auth_user`.`password`, `auth_user`.`last_login`, `auth_user`.`is_superuser`, `auth_user`.`username`, `auth_user`.`first_name`, `auth_user`.`last_name`, `auth_user`.`email`, `auth_user`.`is_staff`, `auth_user`.`is_active`, `auth_user`.`date_joined` FROM `auth_user`; args=()
20150608 200334 DEBUG    (0.001) SELECT `auth_user`.`id`, `auth_user`.`password`, `auth_user`.`last_login`, `auth_user`.`is_superuser`, `auth_user`.`username`, `auth_user`.`first_name`, `auth_user`.`last_name`, `auth_user`.`email`, `auth_user`.`is_staff`, `auth_user`.`is_active`, `auth_user`.`date_joined` FROM `auth_user`; args=()
20150608 200334 DEBUG    (0.001) SELECT `auth_user`.`id`, `auth_user`.`password`, `auth_user`.`last_login`, `auth_user`.`is_superuser`, `auth_user`.`username`, `auth_user`.`first_name`, `auth_user`.`last_name`, `auth_user`.`email`, `auth_user`.`is_staff`, `auth_user`.`is_active`, `auth_user`.`date_joined` FROM `auth_user`; args=()
20150608 200346 DEBUG    (0.000) SET SQL_AUTO_IS_NULL = 0; args=None
20150608 200346 DEBUG    (0.000) SET SQL_AUTO_IS_NULL = 0; args=None
20150608 200346 DEBUG    (0.001) SELECT `games`.`id`, `games`.`title`, `games`.`category`, `games`.`status`, `games`.`first_player_id`, `games`.`second_player_id`, `games`.`played_date` FROM `games` WHERE (`games`.`first_player_id` = 1 OR `games`.`second_player_id` = 1); args=(1, 1)
20150608 200346 DEBUG    (0.000) SELECT `auth_user`.`id`, `auth_user`.`password`, `auth_user`.`last_login`, `auth_user`.`is_superuser`, `auth_user`.`username`, `auth_user`.`first_name`, `auth_user`.`last_name`, `auth_user`.`email`, `auth_user`.`is_staff`, `auth_user`.`is_active`, `auth_user`.`date_joined` FROM `auth_user` WHERE `auth_user`.`id` = 1; args=(1,)
20150608 200346 DEBUG    (0.001) SELECT `auth_user`.`id`, `auth_user`.`password`, `auth_user`.`last_login`, `auth_user`.`is_superuser`, `auth_user`.`username`, `auth_user`.`first_name`, `auth_user`.`last_name`, `auth_user`.`email`, `auth_user`.`is_staff`, `auth_user`.`is_active`, `auth_user`.`date_joined` FROM `auth_user` WHERE `auth_user`.`id` = 2; args=(2,)
20150608 200346 DEBUG    (0.001) SELECT `auth_user`.`id`, `auth_user`.`password`, `auth_user`.`last_login`, `auth_user`.`is_superuser`, `auth_user`.`username`, `auth_user`.`first_name`, `auth_user`.`last_name`, `auth_user`.`email`, `auth_user`.`is_staff`, `auth_user`.`is_active`, `auth_user`.`date_joined` FROM `auth_user` WHERE `auth_user`.`id` = 1; args=(1,)
20150608 200346 DEBUG    (0.000) SELECT `auth_user`.`id`, `auth_user`.`password`, `auth_user`.`last_login`, `auth_user`.`is_superuser`, `auth_user`.`username`, `auth_user`.`first_name`, `auth_user`.`last_name`, `auth_user`.`email`, `auth_user`.`is_staff`, `auth_user`.`is_active`, `auth_user`.`date_joined` FROM `auth_user` WHERE `auth_user`.`id` = 2; args=(2,)
20150608 200346 DEBUG    (0.000) SELECT `auth_user`.`id`, `auth_user`.`password`, `auth_user`.`last_login`, `auth_user`.`is_superuser`, `auth_user`.`username`, `auth_user`.`first_name`, `auth_user`.`last_name`, `auth_user`.`email`, `auth_user`.`is_staff`, `auth_user`.`is_active`, `auth_user`.`date_joined` FROM `auth_user` WHERE `auth_user`.`id` = 1; args=(1,)
20150608 200346 DEBUG    (0.001) SELECT `auth_user`.`id`, `auth_user`.`password`, `auth_user`.`last_login`, `auth_user`.`is_superuser`, `auth_user`.`username`, `auth_user`.`first_name`, `auth_user`.`last_name`, `auth_user`.`email`, `auth_user`.`is_staff`, `auth_user`.`is_active`, `auth_user`.`date_joined` FROM `auth_user` WHERE `auth_user`.`id` = 2; args=(2,)
20150608 200346 DEBUG    (0.000) SELECT `auth_user`.`id`, `auth_user`.`password`, `auth_user`.`last_login`, `auth_user`.`is_superuser`, `auth_user`.`username`, `auth_user`.`first_name`, `auth_user`.`last_name`, `auth_user`.`email`, `auth_user`.`is_staff`, `auth_user`.`is_active`, `auth_user`.`date_joined` FROM `auth_user` WHERE `auth_user`.`id` = 1; args=(1,)
20150608 200346 DEBUG    (0.001) SELECT `auth_user`.`id`, `auth_user`.`password`, `auth_user`.`last_login`, `auth_user`.`is_superuser`, `auth_user`.`username`, `auth_user`.`first_name`, `auth_user`.`last_name`, `auth_user`.`email`, `auth_user`.`is_staff`, `auth_user`.`is_active`, `auth_user`.`date_joined` FROM `auth_user` WHERE `auth_user`.`id` = 2; args=(2,)
20150709 234106 DEBUG    (0.000) SET SQL_AUTO_IS_NULL = 0; args=None
20150709 234106 WARNING  C:\Python34\lib\site-packages\django\core\management\commands\syncdb.py:24: RemovedInDjango19Warning: The syncdb command will be removed in Django 1.9
  warnings.warn("The syncdb command will be removed in Django 1.9", RemovedInDjango19Warning)

20150709 234106 DEBUG    (0.000) SET SQL_AUTO_IS_NULL = 0; args=None
20150709 234106 DEBUG    (0.000) SHOW FULL TABLES; args=None
20150709 234106 DEBUG    CREATE TABLE `django_migrations` (`id` integer AUTO_INCREMENT NOT NULL PRIMARY KEY, `app` varchar(255) NOT NULL, `name` varchar(255) NOT NULL, `applied` datetime NOT NULL); (params None)
20150709 234106 DEBUG    (0.164) CREATE TABLE `django_migrations` (`id` integer AUTO_INCREMENT NOT NULL PRIMARY KEY, `app` varchar(255) NOT NULL, `name` varchar(255) NOT NULL, `applied` datetime NOT NULL); args=None
20150709 234106 DEBUG    (0.172) SELECT engine FROM information_schema.tables WHERE table_name = 'django_migrations'; args=['django_migrations']
20150709 234106 DEBUG    (0.001) SELECT `django_migrations`.`app`, `django_migrations`.`name` FROM `django_migrations`; args=()
20150709 234106 DEBUG    (0.002) SHOW FULL TABLES; args=None
20150709 234106 DEBUG    CREATE TABLE `profiles` (`id` integer AUTO_INCREMENT NOT NULL PRIMARY KEY, `user_id` integer NOT NULL, `gender` integer NOT NULL, `score` integer NOT NULL); (params None)
20150709 234106 DEBUG    (0.070) CREATE TABLE `profiles` (`id` integer AUTO_INCREMENT NOT NULL PRIMARY KEY, `user_id` integer NOT NULL, `gender` integer NOT NULL, `score` integer NOT NULL); args=None
20150709 234106 DEBUG    (0.007) SELECT engine FROM information_schema.tables WHERE table_name = 'profiles'; args=['profiles']
20150709 234106 DEBUG    CREATE TABLE `games` (`id` integer AUTO_INCREMENT NOT NULL PRIMARY KEY, `title` varchar(255) NOT NULL, `category` integer NOT NULL, `status` integer NOT NULL, `first_player_id` integer NOT NULL, `second_player_id` integer NOT NULL, `played_date` datetime NOT NULL); (params None)
20150709 234106 DEBUG    (0.069) CREATE TABLE `games` (`id` integer AUTO_INCREMENT NOT NULL PRIMARY KEY, `title` varchar(255) NOT NULL, `category` integer NOT NULL, `status` integer NOT NULL, `first_player_id` integer NOT NULL, `second_player_id` integer NOT NULL, `played_date` datetime NOT NULL); args=None
20150709 234106 DEBUG    (0.006) SELECT engine FROM information_schema.tables WHERE table_name = 'games'; args=['games']
20150709 234106 DEBUG    CREATE TABLE `scores` (`id` integer AUTO_INCREMENT NOT NULL PRIMARY KEY, `game_id` integer NOT NULL, `first_player_id` integer NOT NULL, `second_player_id` integer NOT NULL, `first_score` integer NOT NULL, `second_score` integer NOT NULL, `played_time` integer NULL); (params None)
20150709 234106 DEBUG    (0.078) CREATE TABLE `scores` (`id` integer AUTO_INCREMENT NOT NULL PRIMARY KEY, `game_id` integer NOT NULL, `first_player_id` integer NOT NULL, `second_player_id` integer NOT NULL, `first_score` integer NOT NULL, `second_score` integer NOT NULL, `played_time` integer NULL); args=None
20150709 234106 DEBUG    (0.007) SELECT engine FROM information_schema.tables WHERE table_name = 'scores'; args=['scores']
20150709 234106 DEBUG    (0.081) ALTER TABLE `profiles` ADD CONSTRAINT `profiles_user_id_2275410e_fk_auth_user_id` FOREIGN KEY (`user_id`) REFERENCES `auth_user` (`id`); args=None
20150709 234820 DEBUG    (0.001) SET SQL_AUTO_IS_NULL = 0; args=None
20150709 234820 WARNING  C:\Python34\lib\site-packages\django\core\management\commands\syncdb.py:24: RemovedInDjango19Warning: The syncdb command will be removed in Django 1.9
  warnings.warn("The syncdb command will be removed in Django 1.9", RemovedInDjango19Warning)

20150709 234820 DEBUG    (0.000) SET SQL_AUTO_IS_NULL = 0; args=None
20150709 234820 DEBUG    (0.002) SHOW FULL TABLES; args=None
20150709 234820 DEBUG    (0.000) SELECT `django_migrations`.`app`, `django_migrations`.`name` FROM `django_migrations`; args=()
20150709 234820 DEBUG    (0.003) SHOW FULL TABLES; args=None
20150709 234820 DEBUG    (0.000) SET foreign_key_checks=0; args=None
20150709 234820 DEBUG    (0.000) SET foreign_key_checks=1; args=None
20150709 234820 DEBUG    (0.001) SET SQL_AUTO_IS_NULL = 0; args=None
20150709 234820 DEBUG    (0.000) SET foreign_key_checks=0; args=None
20150709 234821 DEBUG    (0.000) SET foreign_key_checks=1; args=None
20150709 234821 DEBUG    (0.000) SET SQL_AUTO_IS_NULL = 0; args=None
20150709 234821 DEBUG    (0.000) SET foreign_key_checks=0; args=None
20150709 234821 DEBUG    (0.000) SET foreign_key_checks=1; args=None
20150709 234821 DEBUG    (0.001) SET SQL_AUTO_IS_NULL = 0; args=None
20150709 234821 DEBUG    (0.001) SET foreign_key_checks=0; args=None
20150709 234821 DEBUG    (0.000) SET foreign_key_checks=1; args=None
20150709 234821 DEBUG    (0.000) SET SQL_AUTO_IS_NULL = 0; args=None
20150709 234821 DEBUG    (0.001) SET foreign_key_checks=0; args=None
20150709 234821 DEBUG    (0.000) SET foreign_key_checks=1; args=None
20150709 234821 DEBUG    CREATE TABLE `django_content_type` (`id` integer AUTO_INCREMENT NOT NULL PRIMARY KEY, `name` varchar(100) NOT NULL, `app_label` varchar(100) NOT NULL, `model` varchar(100) NOT NULL); (params None)
20150709 234821 DEBUG    (0.000) SET SQL_AUTO_IS_NULL = 0; args=None
20150709 234821 DEBUG    (0.070) CREATE TABLE `django_content_type` (`id` integer AUTO_INCREMENT NOT NULL PRIMARY KEY, `name` varchar(100) NOT NULL, `app_label` varchar(100) NOT NULL, `model` varchar(100) NOT NULL); args=None
20150709 234821 DEBUG    (0.028) SELECT engine FROM information_schema.tables WHERE table_name = 'django_content_type'; args=['django_content_type']
20150709 234821 DEBUG    ALTER TABLE `django_content_type` ADD CONSTRAINT `django_content_type_app_label_7c3b3b0f_uniq` UNIQUE (`app_label`, `model`); (params [])
20150709 234821 DEBUG    (0.119) ALTER TABLE `django_content_type` ADD CONSTRAINT `django_content_type_app_label_7c3b3b0f_uniq` UNIQUE (`app_label`, `model`); args=[]
20150709 234821 DEBUG    (0.007) SHOW FULL TABLES; args=None
20150709 234821 DEBUG    (0.014) INSERT INTO `django_migrations` (`app`, `name`, `applied`) VALUES ('contenttypes', '0001_initial', '2015-07-09 20:48:21'); args=['contenttypes', '0001_initial', '2015-07-09 20:48:21']
20150709 234821 DEBUG    CREATE TABLE `auth_permission` (`id` integer AUTO_INCREMENT NOT NULL PRIMARY KEY, `name` varchar(50) NOT NULL, `content_type_id` integer NOT NULL, `codename` varchar(100) NOT NULL, UNIQUE (`content_type_id`, `codename`)); (params None)
20150709 234821 DEBUG    (0.090) CREATE TABLE `auth_permission` (`id` integer AUTO_INCREMENT NOT NULL PRIMARY KEY, `name` varchar(50) NOT NULL, `content_type_id` integer NOT NULL, `codename` varchar(100) NOT NULL, UNIQUE (`content_type_id`, `codename`)); args=None
20150709 234821 DEBUG    (0.030) SELECT engine FROM information_schema.tables WHERE table_name = 'auth_permission'; args=['auth_permission']
20150709 234821 DEBUG    CREATE TABLE `auth_group` (`id` integer AUTO_INCREMENT NOT NULL PRIMARY KEY, `name` varchar(80) NOT NULL UNIQUE); (params None)
20150709 234821 DEBUG    (0.068) CREATE TABLE `auth_group` (`id` integer AUTO_INCREMENT NOT NULL PRIMARY KEY, `name` varchar(80) NOT NULL UNIQUE); args=None
20150709 234821 DEBUG    (0.023) SELECT engine FROM information_schema.tables WHERE table_name = 'auth_group'; args=['auth_group']
20150709 234821 DEBUG    CREATE TABLE `auth_group_permissions` (`id` integer AUTO_INCREMENT NOT NULL PRIMARY KEY, `group_id` integer NOT NULL, `permission_id` integer NOT NULL, UNIQUE (`group_id`, `permission_id`)); (params None)
20150709 234822 DEBUG    (0.133) CREATE TABLE `auth_group_permissions` (`id` integer AUTO_INCREMENT NOT NULL PRIMARY KEY, `group_id` integer NOT NULL, `permission_id` integer NOT NULL, UNIQUE (`group_id`, `permission_id`)); args=None
20150709 234822 DEBUG    (0.023) SELECT engine FROM information_schema.tables WHERE table_name = 'auth_group_permissions'; args=['auth_group_permissions']
20150709 234822 DEBUG    CREATE TABLE `auth_user` (`id` integer AUTO_INCREMENT NOT NULL PRIMARY KEY, `password` varchar(128) NOT NULL, `last_login` datetime NOT NULL, `is_superuser` bool NOT NULL, `username` varchar(30) NOT NULL UNIQUE, `first_name` varchar(30) NOT NULL, `last_name` varchar(30) NOT NULL, `email` varchar(75) NOT NULL, `is_staff` bool NOT NULL, `is_active` bool NOT NULL, `date_joined` datetime NOT NULL); (params None)
20150709 234822 DEBUG    (0.069) CREATE TABLE `auth_user` (`id` integer AUTO_INCREMENT NOT NULL PRIMARY KEY, `password` varchar(128) NOT NULL, `last_login` datetime NOT NULL, `is_superuser` bool NOT NULL, `username` varchar(30) NOT NULL UNIQUE, `first_name` varchar(30) NOT NULL, `last_name` varchar(30) NOT NULL, `email` varchar(75) NOT NULL, `is_staff` bool NOT NULL, `is_active` bool NOT NULL, `date_joined` datetime NOT NULL); args=None
20150709 234822 DEBUG    (0.020) SELECT engine FROM information_schema.tables WHERE table_name = 'auth_user'; args=['auth_user']
20150709 234822 DEBUG    CREATE TABLE `auth_user_groups` (`id` integer AUTO_INCREMENT NOT NULL PRIMARY KEY, `user_id` integer NOT NULL, `group_id` integer NOT NULL, UNIQUE (`user_id`, `group_id`)); (params None)
20150709 234822 DEBUG    (0.121) CREATE TABLE `auth_user_groups` (`id` integer AUTO_INCREMENT NOT NULL PRIMARY KEY, `user_id` integer NOT NULL, `group_id` integer NOT NULL, UNIQUE (`user_id`, `group_id`)); args=None
20150709 234822 DEBUG    (0.020) SELECT engine FROM information_schema.tables WHERE table_name = 'auth_user_groups'; args=['auth_user_groups']
20150709 234822 DEBUG    CREATE TABLE `auth_user_user_permissions` (`id` integer AUTO_INCREMENT NOT NULL PRIMARY KEY, `user_id` integer NOT NULL, `permission_id` integer NOT NULL, UNIQUE (`user_id`, `permission_id`)); (params None)
20150709 234822 DEBUG    (0.078) CREATE TABLE `auth_user_user_permissions` (`id` integer AUTO_INCREMENT NOT NULL PRIMARY KEY, `user_id` integer NOT NULL, `permission_id` integer NOT NULL, UNIQUE (`user_id`, `permission_id`)); args=None
20150709 234822 DEBUG    (0.021) SELECT engine FROM information_schema.tables WHERE table_name = 'auth_user_user_permissions'; args=['auth_user_user_permissions']
20150709 234822 DEBUG    ALTER TABLE `auth_permission` ADD CONSTRAINT `auth_permissi_content_type_id_628635ac_fk_django_content_type_id` FOREIGN KEY (`content_type_id`) REFERENCES `django_content_type` (`id`); (params [])
20150709 234822 DEBUG    (0.166) ALTER TABLE `auth_permission` ADD CONSTRAINT `auth_permissi_content_type_id_628635ac_fk_django_content_type_id` FOREIGN KEY (`content_type_id`) REFERENCES `django_content_type` (`id`); args=[]
20150709 234822 DEBUG    ALTER TABLE `auth_group_permissions` ADD CONSTRAINT `auth_group_permissions_group_id_6cb1411c_fk_auth_group_id` FOREIGN KEY (`group_id`) REFERENCES `auth_group` (`id`); (params [])
20150709 234822 DEBUG    (0.189) ALTER TABLE `auth_group_permissions` ADD CONSTRAINT `auth_group_permissions_group_id_6cb1411c_fk_auth_group_id` FOREIGN KEY (`group_id`) REFERENCES `auth_group` (`id`); args=[]
20150709 234822 DEBUG    ALTER TABLE `auth_group_permissions` ADD CONSTRAINT `auth_group_permissio_permission_id_d2d059f_fk_auth_permission_id` FOREIGN KEY (`permission_id`) REFERENCES `auth_permission` (`id`); (params [])
20150709 234822 DEBUG    (0.200) ALTER TABLE `auth_group_permissions` ADD CONSTRAINT `auth_group_permissio_permission_id_d2d059f_fk_auth_permission_id` FOREIGN KEY (`permission_id`) REFERENCES `auth_permission` (`id`); args=[]
20150709 234822 DEBUG    ALTER TABLE `auth_user_groups` ADD CONSTRAINT `auth_user_groups_user_id_11a39a6d_fk_auth_user_id` FOREIGN KEY (`user_id`) REFERENCES `auth_user` (`id`); (params [])
20150709 234823 DEBUG    (0.187) ALTER TABLE `auth_user_groups` ADD CONSTRAINT `auth_user_groups_user_id_11a39a6d_fk_auth_user_id` FOREIGN KEY (`user_id`) REFERENCES `auth_user` (`id`); args=[]
20150709 234823 DEBUG    ALTER TABLE `auth_user_groups` ADD CONSTRAINT `auth_user_groups_group_id_48c87f77_fk_auth_group_id` FOREIGN KEY (`group_id`) REFERENCES `auth_group` (`id`); (params [])
20150709 234823 DEBUG    (0.155) ALTER TABLE `auth_user_groups` ADD CONSTRAINT `auth_user_groups_group_id_48c87f77_fk_auth_group_id` FOREIGN KEY (`group_id`) REFERENCES `auth_group` (`id`); args=[]
20150709 234823 DEBUG    ALTER TABLE `auth_user_user_permissions` ADD CONSTRAINT `auth_user_user_permissions_user_id_65bb2546_fk_auth_user_id` FOREIGN KEY (`user_id`) REFERENCES `auth_user` (`id`); (params [])
20150709 234823 DEBUG    (0.232) ALTER TABLE `auth_user_user_permissions` ADD CONSTRAINT `auth_user_user_permissions_user_id_65bb2546_fk_auth_user_id` FOREIGN KEY (`user_id`) REFERENCES `auth_user` (`id`); args=[]
20150709 234823 DEBUG    ALTER TABLE `auth_user_user_permissions` ADD CONSTRAINT `auth_user_user_perm_permission_id_56eb0d85_fk_auth_permission_id` FOREIGN KEY (`permission_id`) REFERENCES `auth_permission` (`id`); (params [])
20150709 234823 DEBUG    (0.161) ALTER TABLE `auth_user_user_permissions` ADD CONSTRAINT `auth_user_user_perm_permission_id_56eb0d85_fk_auth_permission_id` FOREIGN KEY (`permission_id`) REFERENCES `auth_permission` (`id`); args=[]
20150709 234823 DEBUG    (0.011) SHOW FULL TABLES; args=None
20150709 234823 DEBUG    (0.001) INSERT INTO `django_migrations` (`app`, `name`, `applied`) VALUES ('auth', '0001_initial', '2015-07-09 20:48:23'); args=['auth', '0001_initial', '2015-07-09 20:48:23']
20150709 234823 DEBUG    CREATE TABLE `django_admin_log` (`id` integer AUTO_INCREMENT NOT NULL PRIMARY KEY, `action_time` datetime NOT NULL, `object_id` longtext NULL, `object_repr` varchar(200) NOT NULL, `action_flag` smallint UNSIGNED NOT NULL, `change_message` longtext NOT NULL, `content_type_id` integer NULL, `user_id` integer NOT NULL); (params None)
20150709 234823 DEBUG    (0.062) CREATE TABLE `django_admin_log` (`id` integer AUTO_INCREMENT NOT NULL PRIMARY KEY, `action_time` datetime NOT NULL, `object_id` longtext NULL, `object_repr` varchar(200) NOT NULL, `action_flag` smallint UNSIGNED NOT NULL, `change_message` longtext NOT NULL, `content_type_id` integer NULL, `user_id` integer NOT NULL); args=None
20150709 234823 DEBUG    (0.004) SELECT engine FROM information_schema.tables WHERE table_name = 'django_admin_log'; args=['django_admin_log']
20150709 234823 DEBUG    ALTER TABLE `django_admin_log` ADD CONSTRAINT `django_admin__content_type_id_7db4bc2a_fk_django_content_type_id` FOREIGN KEY (`content_type_id`) REFERENCES `django_content_type` (`id`); (params [])
20150709 234824 DEBUG    (0.230) ALTER TABLE `django_admin_log` ADD CONSTRAINT `django_admin__content_type_id_7db4bc2a_fk_django_content_type_id` FOREIGN KEY (`content_type_id`) REFERENCES `django_content_type` (`id`); args=[]
20150709 234824 DEBUG    ALTER TABLE `django_admin_log` ADD CONSTRAINT `django_admin_log_user_id_20e180ea_fk_auth_user_id` FOREIGN KEY (`user_id`) REFERENCES `auth_user` (`id`); (params [])
20150709 234824 DEBUG    (0.210) ALTER TABLE `django_admin_log` ADD CONSTRAINT `django_admin_log_user_id_20e180ea_fk_auth_user_id` FOREIGN KEY (`user_id`) REFERENCES `auth_user` (`id`); args=[]
20150709 234824 DEBUG    (0.009) SHOW FULL TABLES; args=None
20150709 234824 DEBUG    (0.001) INSERT INTO `django_migrations` (`app`, `name`, `applied`) VALUES ('admin', '0001_initial', '2015-07-09 20:48:24'); args=['admin', '0001_initial', '2015-07-09 20:48:24']
20150709 234824 DEBUG    ALTER TABLE `django_content_type` MODIFY `name` varchar(100) NULL; (params [])
20150709 234824 DEBUG    (0.173) ALTER TABLE `django_content_type` MODIFY `name` varchar(100) NULL; args=[]
20150709 234824 DEBUG    ALTER TABLE `django_content_type` DROP COLUMN `name` CASCADE; (params [])
20150709 234824 DEBUG    (0.171) ALTER TABLE `django_content_type` DROP COLUMN `name` CASCADE; args=[]
20150709 234824 DEBUG    (0.010) SHOW FULL TABLES; args=None
20150709 234824 DEBUG    (0.000) INSERT INTO `django_migrations` (`app`, `name`, `applied`) VALUES ('contenttypes', '0002_remove_content_type_name', '2015-07-09 20:48:24'); args=['contenttypes', '0002_remove_content_type_name', '2015-07-09 20:48:24']
20150709 234824 DEBUG    ALTER TABLE `auth_permission` MODIFY `name` varchar(255) NOT NULL; (params [])
20150709 234825 DEBUG    (0.166) ALTER TABLE `auth_permission` MODIFY `name` varchar(255) NOT NULL; args=[]
20150709 234825 DEBUG    (0.010) SHOW FULL TABLES; args=None
20150709 234825 DEBUG    (0.001) INSERT INTO `django_migrations` (`app`, `name`, `applied`) VALUES ('auth', '0002_alter_permission_name_max_length', '2015-07-09 20:48:25'); args=['auth', '0002_alter_permission_name_max_length', '2015-07-09 20:48:25']
20150709 234825 DEBUG    ALTER TABLE `auth_user` MODIFY `email` varchar(254) NOT NULL; (params [])
20150709 234825 DEBUG    (0.210) ALTER TABLE `auth_user` MODIFY `email` varchar(254) NOT NULL; args=[]
20150709 234825 DEBUG    (0.011) SHOW FULL TABLES; args=None
20150709 234825 DEBUG    (0.000) INSERT INTO `django_migrations` (`app`, `name`, `applied`) VALUES ('auth', '0003_alter_user_email_max_length', '2015-07-09 20:48:25'); args=['auth', '0003_alter_user_email_max_length', '2015-07-09 20:48:25']
20150709 234825 DEBUG    (0.010) SHOW FULL TABLES; args=None
20150709 234825 DEBUG    (0.000) INSERT INTO `django_migrations` (`app`, `name`, `applied`) VALUES ('auth', '0004_alter_user_username_opts', '2015-07-09 20:48:25'); args=['auth', '0004_alter_user_username_opts', '2015-07-09 20:48:25']
20150709 234825 DEBUG    ALTER TABLE `auth_user` MODIFY `last_login` datetime NULL; (params [])
20150709 234825 DEBUG    (0.178) ALTER TABLE `auth_user` MODIFY `last_login` datetime NULL; args=[]
20150709 234825 DEBUG    (0.013) SHOW FULL TABLES; args=None
20150709 234825 DEBUG    (0.000) INSERT INTO `django_migrations` (`app`, `name`, `applied`) VALUES ('auth', '0005_alter_user_last_login_null', '2015-07-09 20:48:25'); args=['auth', '0005_alter_user_last_login_null', '2015-07-09 20:48:25']
20150709 234825 DEBUG    (0.009) SHOW FULL TABLES; args=None
20150709 234825 DEBUG    (0.000) INSERT INTO `django_migrations` (`app`, `name`, `applied`) VALUES ('auth', '0006_require_contenttypes_0002', '2015-07-09 20:48:25'); args=['auth', '0006_require_contenttypes_0002', '2015-07-09 20:48:25']
20150709 234825 DEBUG    CREATE TABLE `django_session` (`session_key` varchar(40) NOT NULL PRIMARY KEY, `session_data` longtext NOT NULL, `expire_date` datetime NOT NULL); (params None)
20150709 234825 DEBUG    (0.122) CREATE TABLE `django_session` (`session_key` varchar(40) NOT NULL PRIMARY KEY, `session_data` longtext NOT NULL, `expire_date` datetime NOT NULL); args=None
20150709 234825 DEBUG    (0.023) SELECT engine FROM information_schema.tables WHERE table_name = 'django_session'; args=['django_session']
20150709 234825 DEBUG    CREATE INDEX `django_session_de54fa62` ON `django_session` (`expire_date`); (params [])
20150709 234826 DEBUG    (0.207) CREATE INDEX `django_session_de54fa62` ON `django_session` (`expire_date`); args=[]
20150709 234826 DEBUG    (0.011) SHOW FULL TABLES; args=None
20150709 234826 DEBUG    (0.000) INSERT INTO `django_migrations` (`app`, `name`, `applied`) VALUES ('sessions', '0001_initial', '2015-07-09 20:48:26'); args=['sessions', '0001_initial', '2015-07-09 20:48:26']
20150709 234826 DEBUG    (0.002) SELECT `django_content_type`.`id`, `django_content_type`.`app_label`, `django_content_type`.`model` FROM `django_content_type` WHERE (`django_content_type`.`app_label` = 'admin' AND `django_content_type`.`model` = 'logentry'); args=('admin', 'logentry')
20150709 234826 DEBUG    (0.001) SELECT `django_content_type`.`id`, `django_content_type`.`app_label`, `django_content_type`.`model` FROM `django_content_type` WHERE (`django_content_type`.`app_label` = 'admin' AND `django_content_type`.`model` = 'logentry'); args=('admin', 'logentry')
20150709 234826 DEBUG    (0.001) INSERT INTO `django_content_type` (`app_label`, `model`) VALUES ('admin', 'logentry'); args=['admin', 'logentry']
20150709 234826 DEBUG    (0.016) SELECT `auth_permission`.`content_type_id`, `auth_permission`.`codename` FROM `auth_permission` INNER JOIN `django_content_type` ON ( `auth_permission`.`content_type_id` = `django_content_type`.`id` ) WHERE `auth_permission`.`content_type_id` IN (1) ORDER BY `django_content_type`.`app_label` ASC, `django_content_type`.`model` ASC, `auth_permission`.`codename` ASC; args=(1,)
20150709 234826 DEBUG    (0.000) INSERT INTO `auth_permission` (`name`, `content_type_id`, `codename`) VALUES ('Can add log entry', 1, 'add_logentry'), ('Can change log entry', 1, 'change_logentry'), ('Can delete log entry', 1, 'delete_logentry'); args=('Can add log entry', 1, 'add_logentry', 'Can change log entry', 1, 'change_logentry', 'Can delete log entry', 1, 'delete_logentry')
20150709 234826 DEBUG    (0.001) SELECT `django_content_type`.`id`, `django_content_type`.`app_label`, `django_content_type`.`model` FROM `django_content_type` WHERE `django_content_type`.`app_label` = 'admin'; args=('admin',)
20150709 234826 DEBUG    (0.001) SELECT `django_content_type`.`id`, `django_content_type`.`app_label`, `django_content_type`.`model` FROM `django_content_type` WHERE (`django_content_type`.`app_label` = 'auth' AND `django_content_type`.`model` = 'permission'); args=('auth', 'permission')
20150709 234826 DEBUG    (0.000) SELECT `django_content_type`.`id`, `django_content_type`.`app_label`, `django_content_type`.`model` FROM `django_content_type` WHERE (`django_content_type`.`app_label` = 'auth' AND `django_content_type`.`model` = 'permission'); args=('auth', 'permission')
20150709 234826 DEBUG    (0.001) INSERT INTO `django_content_type` (`app_label`, `model`) VALUES ('auth', 'permission'); args=['auth', 'permission']
20150709 234826 DEBUG    (0.001) SELECT `django_content_type`.`id`, `django_content_type`.`app_label`, `django_content_type`.`model` FROM `django_content_type` WHERE (`django_content_type`.`app_label` = 'auth' AND `django_content_type`.`model` = 'group'); args=('auth', 'group')
20150709 234826 DEBUG    (0.000) SELECT `django_content_type`.`id`, `django_content_type`.`app_label`, `django_content_type`.`model` FROM `django_content_type` WHERE (`django_content_type`.`app_label` = 'auth' AND `django_content_type`.`model` = 'group'); args=('auth', 'group')
20150709 234826 DEBUG    (0.001) INSERT INTO `django_content_type` (`app_label`, `model`) VALUES ('auth', 'group'); args=['auth', 'group']
20150709 234826 DEBUG    (0.003) SELECT `django_content_type`.`id`, `django_content_type`.`app_label`, `django_content_type`.`model` FROM `django_content_type` WHERE (`django_content_type`.`app_label` = 'auth' AND `django_content_type`.`model` = 'user'); args=('auth', 'user')
20150709 234826 DEBUG    (0.001) SELECT `django_content_type`.`id`, `django_content_type`.`app_label`, `django_content_type`.`model` FROM `django_content_type` WHERE (`django_content_type`.`app_label` = 'auth' AND `django_content_type`.`model` = 'user'); args=('auth', 'user')
20150709 234826 DEBUG    (0.001) INSERT INTO `django_content_type` (`app_label`, `model`) VALUES ('auth', 'user'); args=['auth', 'user']
20150709 234826 DEBUG    (0.004) SELECT `auth_permission`.`content_type_id`, `auth_permission`.`codename` FROM `auth_permission` INNER JOIN `django_content_type` ON ( `auth_permission`.`content_type_id` = `django_content_type`.`id` ) WHERE `auth_permission`.`content_type_id` IN (2, 3, 4) ORDER BY `django_content_type`.`app_label` ASC, `django_content_type`.`model` ASC, `auth_permission`.`codename` ASC; args=(2, 3, 4)
20150709 234826 DEBUG    (0.001) INSERT INTO `auth_permission` (`name`, `content_type_id`, `codename`) VALUES ('Can add permission', 2, 'add_permission'), ('Can change permission', 2, 'change_permission'), ('Can delete permission', 2, 'delete_permission'), ('Can add group', 3, 'add_group'), ('Can change group', 3, 'change_group'), ('Can delete group', 3, 'delete_group'), ('Can add user', 4, 'add_user'), ('Can change user', 4, 'change_user'), ('Can delete user', 4, 'delete_user'); args=('Can add permission', 2, 'add_permission', 'Can change permission', 2, 'change_permission', 'Can delete permission', 2, 'delete_permission', 'Can add group', 3, 'add_group', 'Can change group', 3, 'change_group', 'Can delete group', 3, 'delete_group', 'Can add user', 4, 'add_user', 'Can change user', 4, 'change_user', 'Can delete user', 4, 'delete_user')
20150709 234826 DEBUG    (0.054) SELECT `django_content_type`.`id`, `django_content_type`.`app_label`, `django_content_type`.`model` FROM `django_content_type` WHERE `django_content_type`.`app_label` = 'auth'; args=('auth',)
20150709 234826 DEBUG    (0.001) SELECT `django_content_type`.`id`, `django_content_type`.`app_label`, `django_content_type`.`model` FROM `django_content_type` WHERE (`django_content_type`.`app_label` = 'contenttypes' AND `django_content_type`.`model` = 'contenttype'); args=('contenttypes', 'contenttype')
20150709 234826 DEBUG    (0.001) SELECT `django_content_type`.`id`, `django_content_type`.`app_label`, `django_content_type`.`model` FROM `django_content_type` WHERE (`django_content_type`.`app_label` = 'contenttypes' AND `django_content_type`.`model` = 'contenttype'); args=('contenttypes', 'contenttype')
20150709 234826 DEBUG    (0.001) INSERT INTO `django_content_type` (`app_label`, `model`) VALUES ('contenttypes', 'contenttype'); args=['contenttypes', 'contenttype']
20150709 234826 DEBUG    (0.001) SELECT `auth_permission`.`content_type_id`, `auth_permission`.`codename` FROM `auth_permission` INNER JOIN `django_content_type` ON ( `auth_permission`.`content_type_id` = `django_content_type`.`id` ) WHERE `auth_permission`.`content_type_id` IN (5) ORDER BY `django_content_type`.`app_label` ASC, `django_content_type`.`model` ASC, `auth_permission`.`codename` ASC; args=(5,)
20150709 234826 DEBUG    (0.001) INSERT INTO `auth_permission` (`name`, `content_type_id`, `codename`) VALUES ('Can add content type', 5, 'add_contenttype'), ('Can change content type', 5, 'change_contenttype'), ('Can delete content type', 5, 'delete_contenttype'); args=('Can add content type', 5, 'add_contenttype', 'Can change content type', 5, 'change_contenttype', 'Can delete content type', 5, 'delete_contenttype')
20150709 234826 DEBUG    (0.001) SELECT `django_content_type`.`id`, `django_content_type`.`app_label`, `django_content_type`.`model` FROM `django_content_type` WHERE `django_content_type`.`app_label` = 'contenttypes'; args=('contenttypes',)
20150709 234826 DEBUG    (0.001) SELECT `django_content_type`.`id`, `django_content_type`.`app_label`, `django_content_type`.`model` FROM `django_content_type` WHERE (`django_content_type`.`app_label` = 'sessions' AND `django_content_type`.`model` = 'session'); args=('sessions', 'session')
20150709 234826 DEBUG    (0.001) SELECT `django_content_type`.`id`, `django_content_type`.`app_label`, `django_content_type`.`model` FROM `django_content_type` WHERE (`django_content_type`.`app_label` = 'sessions' AND `django_content_type`.`model` = 'session'); args=('sessions', 'session')
20150709 234826 DEBUG    (0.001) INSERT INTO `django_content_type` (`app_label`, `model`) VALUES ('sessions', 'session'); args=['sessions', 'session']
20150709 234826 DEBUG    (0.001) SELECT `auth_permission`.`content_type_id`, `auth_permission`.`codename` FROM `auth_permission` INNER JOIN `django_content_type` ON ( `auth_permission`.`content_type_id` = `django_content_type`.`id` ) WHERE `auth_permission`.`content_type_id` IN (6) ORDER BY `django_content_type`.`app_label` ASC, `django_content_type`.`model` ASC, `auth_permission`.`codename` ASC; args=(6,)
20150709 234826 DEBUG    (0.001) INSERT INTO `auth_permission` (`name`, `content_type_id`, `codename`) VALUES ('Can add session', 6, 'add_session'), ('Can change session', 6, 'change_session'), ('Can delete session', 6, 'delete_session'); args=('Can add session', 6, 'add_session', 'Can change session', 6, 'change_session', 'Can delete session', 6, 'delete_session')
20150709 234826 DEBUG    (0.001) SELECT `django_content_type`.`id`, `django_content_type`.`app_label`, `django_content_type`.`model` FROM `django_content_type` WHERE `django_content_type`.`app_label` = 'sessions'; args=('sessions',)
20150709 234826 DEBUG    (0.001) SELECT `django_content_type`.`id`, `django_content_type`.`app_label`, `django_content_type`.`model` FROM `django_content_type` WHERE (`django_content_type`.`app_label` = 'common' AND `django_content_type`.`model` = 'userprofile'); args=('common', 'userprofile')
20150709 234826 DEBUG    (0.001) SELECT `django_content_type`.`id`, `django_content_type`.`app_label`, `django_content_type`.`model` FROM `django_content_type` WHERE (`django_content_type`.`app_label` = 'common' AND `django_content_type`.`model` = 'userprofile'); args=('common', 'userprofile')
20150709 234826 DEBUG    (0.001) INSERT INTO `django_content_type` (`app_label`, `model`) VALUES ('common', 'userprofile'); args=['common', 'userprofile']
20150709 234826 DEBUG    (0.001) SELECT `auth_permission`.`content_type_id`, `auth_permission`.`codename` FROM `auth_permission` INNER JOIN `django_content_type` ON ( `auth_permission`.`content_type_id` = `django_content_type`.`id` ) WHERE `auth_permission`.`content_type_id` IN (7) ORDER BY `django_content_type`.`app_label` ASC, `django_content_type`.`model` ASC, `auth_permission`.`codename` ASC; args=(7,)
20150709 234826 DEBUG    (0.001) INSERT INTO `auth_permission` (`name`, `content_type_id`, `codename`) VALUES ('Can add user profile', 7, 'add_userprofile'), ('Can change user profile', 7, 'change_userprofile'), ('Can delete user profile', 7, 'delete_userprofile'); args=('Can add user profile', 7, 'add_userprofile', 'Can change user profile', 7, 'change_userprofile', 'Can delete user profile', 7, 'delete_userprofile')
20150709 234826 DEBUG    (0.001) SELECT `django_content_type`.`id`, `django_content_type`.`app_label`, `django_content_type`.`model` FROM `django_content_type` WHERE `django_content_type`.`app_label` = 'common'; args=('common',)
20150709 234826 DEBUG    (0.001) SELECT `django_content_type`.`id`, `django_content_type`.`app_label`, `django_content_type`.`model` FROM `django_content_type` WHERE (`django_content_type`.`app_label` = 'games' AND `django_content_type`.`model` = 'game'); args=('games', 'game')
20150709 234826 DEBUG    (0.001) SELECT `django_content_type`.`id`, `django_content_type`.`app_label`, `django_content_type`.`model` FROM `django_content_type` WHERE (`django_content_type`.`app_label` = 'games' AND `django_content_type`.`model` = 'game'); args=('games', 'game')
20150709 234826 DEBUG    (0.001) INSERT INTO `django_content_type` (`app_label`, `model`) VALUES ('games', 'game'); args=['games', 'game']
20150709 234826 DEBUG    (0.001) SELECT `django_content_type`.`id`, `django_content_type`.`app_label`, `django_content_type`.`model` FROM `django_content_type` WHERE (`django_content_type`.`app_label` = 'games' AND `django_content_type`.`model` = 'gamescore'); args=('games', 'gamescore')
20150709 234826 DEBUG    (0.001) SELECT `django_content_type`.`id`, `django_content_type`.`app_label`, `django_content_type`.`model` FROM `django_content_type` WHERE (`django_content_type`.`app_label` = 'games' AND `django_content_type`.`model` = 'gamescore'); args=('games', 'gamescore')
20150709 234826 DEBUG    (0.001) INSERT INTO `django_content_type` (`app_label`, `model`) VALUES ('games', 'gamescore'); args=['games', 'gamescore']
20150709 234826 DEBUG    (0.003) SELECT `auth_permission`.`content_type_id`, `auth_permission`.`codename` FROM `auth_permission` INNER JOIN `django_content_type` ON ( `auth_permission`.`content_type_id` = `django_content_type`.`id` ) WHERE `auth_permission`.`content_type_id` IN (8, 9) ORDER BY `django_content_type`.`app_label` ASC, `django_content_type`.`model` ASC, `auth_permission`.`codename` ASC; args=(8, 9)
20150709 234826 DEBUG    (0.001) INSERT INTO `auth_permission` (`name`, `content_type_id`, `codename`) VALUES ('Can add game', 8, 'add_game'), ('Can change game', 8, 'change_game'), ('Can delete game', 8, 'delete_game'), ('Can add game score', 9, 'add_gamescore'), ('Can change game score', 9, 'change_gamescore'), ('Can delete game score', 9, 'delete_gamescore'); args=('Can add game', 8, 'add_game', 'Can change game', 8, 'change_game', 'Can delete game', 8, 'delete_game', 'Can add game score', 9, 'add_gamescore', 'Can change game score', 9, 'change_gamescore', 'Can delete game score', 9, 'delete_gamescore')
20150709 234826 DEBUG    (0.001) SELECT `django_content_type`.`id`, `django_content_type`.`app_label`, `django_content_type`.`model` FROM `django_content_type` WHERE `django_content_type`.`app_label` = 'games'; args=('games',)
20150709 234826 DEBUG    (0.004) SELECT (1) AS `a` FROM `auth_user` LIMIT 1; args=()
20150709 234922 DEBUG    (0.000) SET SQL_AUTO_IS_NULL = 0; args=None
20150709 234922 DEBUG    (0.000) SET SQL_AUTO_IS_NULL = 0; args=None
20150709 234922 DEBUG    (0.005) SHOW FULL TABLES; args=None
20150709 234922 DEBUG    (0.001) SELECT `django_migrations`.`app`, `django_migrations`.`name` FROM `django_migrations`; args=()
20150709 234930 DEBUG    (0.000) SET SQL_AUTO_IS_NULL = 0; args=None
20150709 234930 DEBUG    (0.000) SET SQL_AUTO_IS_NULL = 0; args=None
20150709 234930 DEBUG    (0.001) SELECT `games`.`id`, `games`.`title`, `games`.`category`, `games`.`status`, `games`.`first_player_id`, `games`.`second_player_id`, `games`.`played_date` FROM `games` WHERE (`games`.`first_player_id` = 1 OR `games`.`second_player_id` = 1); args=(1, 1)
20150709 234954 DEBUG    (0.000) SET SQL_AUTO_IS_NULL = 0; args=None
20150709 234954 DEBUG    (0.000) SET SQL_AUTO_IS_NULL = 0; args=None
20150709 234954 DEBUG    (0.001) SELECT `games`.`id`, `games`.`title`, `games`.`category`, `games`.`status`, `games`.`first_player_id`, `games`.`second_player_id`, `games`.`played_date` FROM `games` WHERE (`games`.`first_player_id` = 1 OR `games`.`second_player_id` = 1); args=(1, 1)
20150709 235110 DEBUG    (0.000) SET SQL_AUTO_IS_NULL = 0; args=None
20150709 235110 DEBUG    (0.000) SET SQL_AUTO_IS_NULL = 0; args=None
20150709 235110 DEBUG    (0.006) SHOW FULL TABLES; args=None
20150709 235110 DEBUG    (0.000) SELECT `django_migrations`.`app`, `django_migrations`.`name` FROM `django_migrations`; args=()
20150709 235359 DEBUG    (0.000) SET SQL_AUTO_IS_NULL = 0; args=None
20150709 235359 DEBUG    (0.000) SET SQL_AUTO_IS_NULL = 0; args=None
20150709 235359 DEBUG    (0.004) SHOW FULL TABLES; args=None
20150709 235359 DEBUG    (0.001) SELECT `django_migrations`.`app`, `django_migrations`.`name` FROM `django_migrations`; args=()
20150709 235403 WARNING  C:\Python34\lib\site-packages\django\contrib\sites\models.py:78: RemovedInDjango19Warning: Model class django.contrib.sites.models.Site doesn't declare an explicit app_label and either isn't in an application in INSTALLED_APPS or else was imported before its application was loaded. This will no longer be supported in Django 1.9.
  class Site(models.Model):

20150709 235403 WARNING  C:\Python34\lib\site-packages\registration\models.py:171: RemovedInDjango19Warning: Model class registration.models.RegistrationProfile doesn't declare an explicit app_label and either isn't in an application in INSTALLED_APPS or else was imported before its application was loaded. This will no longer be supported in Django 1.9.
  class RegistrationProfile(models.Model):

20150709 235403 DEBUG    (0.000) SET SQL_AUTO_IS_NULL = 0; args=None
20150709 235403 DEBUG    (0.000) SET SQL_AUTO_IS_NULL = 0; args=None
20150709 235403 DEBUG    (0.001) SELECT `games`.`id`, `games`.`title`, `games`.`category`, `games`.`status`, `games`.`first_player_id`, `games`.`second_player_id`, `games`.`played_date` FROM `games` WHERE (`games`.`first_player_id` = 1 OR `games`.`second_player_id` = 1); args=(1, 1)
20150709 235418 DEBUG    (0.000) SET SQL_AUTO_IS_NULL = 0; args=None
20150709 235418 DEBUG    (0.001) SET SQL_AUTO_IS_NULL = 0; args=None
20150709 235418 DEBUG    (0.001) SELECT `games`.`id`, `games`.`title`, `games`.`category`, `games`.`status`, `games`.`first_player_id`, `games`.`second_player_id`, `games`.`played_date` FROM `games` WHERE (`games`.`first_player_id` = 1 OR `games`.`second_player_id` = 1); args=(1, 1)
20150709 235445 DEBUG    (0.000) SET SQL_AUTO_IS_NULL = 0; args=None
20150709 235445 DEBUG    (0.000) SET SQL_AUTO_IS_NULL = 0; args=None
20150709 235445 DEBUG    (0.001) SELECT `games`.`id`, `games`.`title`, `games`.`category`, `games`.`status`, `games`.`first_player_id`, `games`.`second_player_id`, `games`.`played_date` FROM `games` WHERE (`games`.`first_player_id` = 1 OR `games`.`second_player_id` = 1); args=(1, 1)
20150709 235927 DEBUG    (0.000) SET SQL_AUTO_IS_NULL = 0; args=None
20150709 235927 DEBUG    (0.000) SET SQL_AUTO_IS_NULL = 0; args=None
20150709 235927 DEBUG    (0.000) SELECT `games`.`id`, `games`.`title`, `games`.`category`, `games`.`status`, `games`.`first_player_id`, `games`.`second_player_id`, `games`.`played_date` FROM `games` WHERE (`games`.`first_player_id` = 1 OR `games`.`second_player_id` = 1); args=(1, 1)
20150710 000254 DEBUG    (0.000) SET SQL_AUTO_IS_NULL = 0; args=None
20150710 000254 DEBUG    (0.000) SET SQL_AUTO_IS_NULL = 0; args=None
20150710 000254 DEBUG    (0.001) SELECT `games`.`id`, `games`.`title`, `games`.`category`, `games`.`status`, `games`.`first_player_id`, `games`.`second_player_id`, `games`.`played_date` FROM `games` WHERE (`games`.`first_player_id` = 1 OR `games`.`second_player_id` = 1); args=(1, 1)
20150710 000310 DEBUG    (0.001) SET SQL_AUTO_IS_NULL = 0; args=None
20150710 000310 DEBUG    (0.001) SET SQL_AUTO_IS_NULL = 0; args=None
20150710 000310 DEBUG    (0.005) SHOW FULL TABLES; args=None
20150710 000310 DEBUG    (0.001) SELECT `django_migrations`.`app`, `django_migrations`.`name` FROM `django_migrations`; args=()
20150710 000317 WARNING  C:\Python34\lib\site-packages\django\contrib\sites\models.py:78: RemovedInDjango19Warning: Model class django.contrib.sites.models.Site doesn't declare an explicit app_label and either isn't in an application in INSTALLED_APPS or else was imported before its application was loaded. This will no longer be supported in Django 1.9.
  class Site(models.Model):

20150710 000317 WARNING  C:\Python34\lib\site-packages\registration\models.py:171: RemovedInDjango19Warning: Model class registration.models.RegistrationProfile doesn't declare an explicit app_label and either isn't in an application in INSTALLED_APPS or else was imported before its application was loaded. This will no longer be supported in Django 1.9.
  class RegistrationProfile(models.Model):

20150710 000317 DEBUG    (0.000) SET SQL_AUTO_IS_NULL = 0; args=None
20150710 000317 DEBUG    (0.000) SET SQL_AUTO_IS_NULL = 0; args=None
20150710 000317 DEBUG    (0.001) SELECT `games`.`id`, `games`.`title`, `games`.`category`, `games`.`status`, `games`.`first_player_id`, `games`.`second_player_id`, `games`.`played_date` FROM `games` WHERE (`games`.`first_player_id` = 1 OR `games`.`second_player_id` = 1); args=(1, 1)
20150710 000340 DEBUG    (0.001) SET SQL_AUTO_IS_NULL = 0; args=None
20150710 000340 DEBUG    (0.001) SET SQL_AUTO_IS_NULL = 0; args=None
20150710 000340 DEBUG    (0.001) SELECT `games`.`id`, `games`.`title`, `games`.`category`, `games`.`status`, `games`.`first_player_id`, `games`.`second_player_id`, `games`.`played_date` FROM `games` WHERE (`games`.`first_player_id` = 1 OR `games`.`second_player_id` = 1); args=(1, 1)
